{
  "0 debug pnpm:scope": {
    "selected": 1
  },
  "1 debug pnpm:package-manifest": {
    "initial": {},
    "prefix": "/Users/nils/Library/pnpm/store/v3/tmp/dlx-36980"
  },
  "2 debug pnpm:context": {
    "currentLockfileExists": false,
    "storeDir": "/Users/nils/Library/pnpm/store/v3",
    "virtualStoreDir": "/Users/nils/Library/pnpm/store/v3/tmp/dlx-36980/node_modules/.pnpm"
  },
  "3 debug pnpm:stage": {
    "prefix": "/Users/nils/Library/pnpm/store/v3/tmp/dlx-36980",
    "stage": "resolution_started"
  },
  "4 error pnpm": {
    "code": "ERR_PNPM_FETCH_404",
    "hint": "create-. is not in the npm registry, or you have no permission to fetch it.\n\nNo authorization header was set for the request.",
    "request": {
      "url": "https://registry.npmjs.org/create-."
    },
    "response": {
      "size": 0
    },
    "pkgName": "create-.",
    "spec": {
      "fetchSpec": "latest",
      "name": "create-.",
      "type": "tag"
    },
    "pkgsStack": [],
    "err": {
      "name": "pnpm",
      "message": "GET https://registry.npmjs.org/create-.: Not Found - 404",
      "code": "ERR_PNPM_FETCH_404",
      "stack": "pnpm: GET https://registry.npmjs.org/create-.: Not Found - 404\n    at RetryOperation._fn (/Users/nils/.node/corepack/pnpm/7.1.5/dist/pnpm.cjs:84429:19)\n    at processTicksAndRejections (node:internal/process/task_queues:96:5)"
    }
  }
}